Arguments: 
  E:\app\nodejs\node.exe C:\Users\敏大胖\AppData\Roaming\npm\node_modules\yarn\bin\yarn.js -V

PATH: 
  C:\Python27\;C:\Python27\Scripts;C:\WINDOWS\system32;C:\WINDOWS;C:\WINDOWS\System32\Wbem;C:\WINDOWS\System32\WindowsPowerShell\v1.0\;E:\app\nodejs\;E:\app\Git\cmd;C:\WINDOWS\System32\OpenSSH\;E:\app\Chocolatey\bin;C:\Users\敏大胖\AppData\Local\Microsoft\WindowsApps;C:\Users\敏大胖\AppData\Roaming\npm;E:\app\Microsoft VS Code\bin;C:\adb;C:\Users\敏大胖\AppData\Local\Microsoft\WindowsApps;C:\Users\敏大胖\AppData\Roaming\npm;E:\app\Microsoft VS Code\bin;

Yarn version: 
  1.10.1

Node version: 
  10.5.0

Platform: 
  win32 x64

Trace: 
  Error: ENOENT: no such file or directory, copyfile 'C:\Users\敏大胖\AppData\Local\Yarn\Cache\v2\npm-isarray-1.0.0-bb935d48582cba168c06834957a54a3e07124f11\component.json' -> 'D:\nds\ndServer\node_modules\concat-stream\node_modules\isarray\component.json'

npm manifest: 
  {
    "name": "ndserver",
    "version": "1.0.0",
    "description": "基于express编写的服务器",
    "main": "index.js",
    "scripts": {
      "test": "echo \"Error: no test specified\" && exit 1"
    },
    "repository": {
      "type": "git",
      "url": "git+https://github.com/nightdaysOrg/ndServer.git"
    },
    "author": "",
    "license": "ISC",
    "bugs": {
      "url": "https://github.com/nightdaysOrg/ndServer/issues"
    },
    "homepage": "https://github.com/nightdaysOrg/ndServer#readme",
    "dependencies": {
      "body-parser": "^1.18.2",
      "express": "^4.15.3",
      "multer": "^1.3.0"
    }
  }

yarn manifest: 
  No manifest

Lockfile: 
  No lockfile
